<?xml version="1.0" encoding="UTF-8"?>
<!-- Generated by org.testng.reporters.JUnitReportReporter -->
<testsuite hostname="IMRAN-PC" failures="0" tests="17" name="testCases.TestProductFilters" time="365.627" errors="0" timestamp="2024-09-30T22:00:06 IST" skipped="0">
  <testcase classname="testCases.TestProductFilters" name="navigateToParfumPage" time="3.716"/>
  <system-out/>
  <testcase classname="testCases.TestProductFilters" name="verifyParfumPageAndFilters" time="3.941"/>
  <system-out/>
  <testcase classname="testCases.TestProductFilters" name="testFilterHighlightsSale" time="22.537"/>
  <system-out/>
  <testcase classname="testCases.TestProductFilters" name="testFilterHighlightsWithMarke1916" time="6.066"/>
  <system-out/>
  <testcase classname="testCases.TestProductFilters" name="testFilterHighlightsSaleWithProduktartEauDeParfum" time="21.011"/>
  <system-out/>
  <testcase classname="testCases.TestProductFilters" name="testFilterHighlightsSaleWithFurwenMannlich" time="29.490"/>
  <system-out/>
  <testcase classname="testCases.TestProductFilters" name="testFilterHighlightsSaleWithGeschenkfurFacetGeburtstag" time="30.184"/>
  <system-out/>
  <testcase classname="testCases.TestProductFilters" name="testFilterHighlightsNeu" time="14.730"/>
  <system-out/>
  <testcase classname="testCases.TestProductFilters" name="testFilterHighlightsNeuWithMarkeFacet4711AcquaColonia" time="16.210"/>
  <system-out/>
  <testcase classname="testCases.TestProductFilters" name="testFilterHighlightsNeuWithProduktartFacetEauDeParfum" time="21.923"/>
  <system-out/>
  <testcase classname="testCases.TestProductFilters" name="testFilterHighlightsNeuWithFurWenFacetMannlich" time="30.036"/>
  <system-out/>
  <testcase classname="testCases.TestProductFilters" name="testFilterHighlightsNeuWithGeschenkfurFacetNikolaus" time="30.416"/>
  <system-out/>
  <testcase classname="testCases.TestProductFilters" name="testFilterHighlightsLimitiert" time="23.819"/>
  <system-out/>
  <testcase classname="testCases.TestProductFilters" name="testFilterHighlightsLimitiertWithMarkeFacet4711AcquaColonia" time="16.775"/>
  <system-out/>
  <testcase classname="testCases.TestProductFilters" name="testFilterHighlightsLimitiertWithProduktartFacetEauDeParfum" time="32.453"/>
  <system-out/>
  <testcase classname="testCases.TestProductFilters" name="testFilterHighlightsLimitiertWithFurWenFacetMannlich" time="31.123"/>
  <system-out/>
  <testcase classname="testCases.TestProductFilters" name="testFilterHighlightsLimitiertWithGeschenkfurFacetNikolaus" time="31.197"/>
  <system-out/>
</testsuite> <!-- testCases.TestProductFilters -->
