<?xml version="1.0" encoding="UTF-8"?>
<!-- Generated by org.testng.reporters.JUnitReportReporter -->
<testsuite hostname="IMRAN-PC" failures="0" tests="17" name="testCases.TestCase1" time="928.116" errors="0" timestamp="2024-09-30T18:12:43 IST" skipped="0">
  <testcase classname="testCases.TestCase1" name="testCase1" time="3.933"/>
  <system-out/>
  <testcase classname="testCases.TestCase1" name="testCase2" time="8.142"/>
  <system-out/>
  <testcase classname="testCases.TestCase1" name="testCase3" time="49.320"/>
  <system-out/>
  <testcase classname="testCases.TestCase1" name="testCase4" time="32.523"/>
  <system-out/>
  <testcase classname="testCases.TestCase1" name="testCase5" time="58.969"/>
  <system-out/>
  <testcase classname="testCases.TestCase1" name="testCase6" time="55.598"/>
  <system-out/>
  <testcase classname="testCases.TestCase1" name="testCase7" time="55.276"/>
  <system-out/>
  <testcase classname="testCases.TestCase1" name="testCase8" time="46.922"/>
  <system-out/>
  <testcase classname="testCases.TestCase1" name="testCase9" time="33.903"/>
  <system-out/>
  <testcase classname="testCases.TestCase1" name="testCase10" time="83.536"/>
  <system-out/>
  <testcase classname="testCases.TestCase1" name="testCase11" time="81.244"/>
  <system-out/>
  <testcase classname="testCases.TestCase1" name="testCase12" time="79.344"/>
  <system-out/>
  <testcase classname="testCases.TestCase1" name="testCase13" time="46.790"/>
  <system-out/>
  <testcase classname="testCases.TestCase1" name="testCase14" time="44.854"/>
  <system-out/>
  <testcase classname="testCases.TestCase1" name="testCase15" time="84.065"/>
  <system-out/>
  <testcase classname="testCases.TestCase1" name="testCase16" time="83.109"/>
  <system-out/>
  <testcase classname="testCases.TestCase1" name="testCase17" time="80.588"/>
  <system-out/>
</testsuite> <!-- testCases.TestCase1 -->
